<?xml version="1.0" encoding="UTF-8"?>
<!-- Generated by org.testng.reporters.JUnitReportReporter -->
<testsuite hostname="LAPTOP-GQSRJ2BI" failures="0" tests="1" name="Sample.Demo" time="0.007" errors="0" timestamp="2023-04-12T10:33:39 IST" skipped="0">
  <testcase classname="Sample.Demo" name="demo" time="0.007"/>
  <system-out/>
</testsuite> <!-- Sample.Demo -->
